Using pre-set license
Built from '2020.3/staging' branch; Version is '2020.3.4f1 (0abb6314276a) revision 703331'; Using compiler version '192528614'; Build Type 'Release'
OS: 'Windows 10 Pro; OS build 19041.928; Version 2004; 64bit' Language: 'ru' Physical Memory: 16333 MB
BatchMode: 1, IsHumanControllingUs: 0, StartBugReporterOnCrash: 0, Is64bit: 1, IsPro: 0

 COMMAND LINE ARGUMENTS:
K:\Unity\2020.3.4f1\Editor\Unity.exe
-adb2
-batchMode
-noUpm
-name
AssetImportWorker0
-projectPath
K:/Unity/GeekBrains/GameProject
-logFile
Logs/AssetImportWorker0.log
-srvPort
61919
Successfully changed project path to: K:/Unity/GeekBrains/GameProject
K:/Unity/GeekBrains/GameProject
Using Asset Import Pipeline V2.
Refreshing native plugins compatible for Editor in 35.03 ms, found 0 plugins.
Preloading 0 native plugins for Editor in 0.00 ms.
Initialize engine version: 2020.3.4f1 (0abb6314276a)
[Subsystems] Discovering subsystems at path K:/Unity/2020.3.4f1/Editor/Data/Resources/UnitySubsystems
[Subsystems] Discovering subsystems at path K:/Unity/GeekBrains/GameProject/Assets
GfxDevice: creating device client; threaded=0
Direct3D:
    Version:  Direct3D 11.0 [level 11.1]
    Renderer: NVIDIA GeForce GTX 1660 SUPER (ID=0x21c4)
    Vendor:   
    VRAM:     5991 MB
    Driver:   27.21.14.6192
Initialize mono
Mono path[0] = 'K:/Unity/2020.3.4f1/Editor/Data/Managed'
Mono path[1] = 'K:/Unity/2020.3.4f1/Editor/Data/MonoBleedingEdge/lib/mono/unityjit'
Mono config path = 'K:/Unity/2020.3.4f1/Editor/Data/MonoBleedingEdge/etc'
Using monoOptions --debugger-agent=transport=dt_socket,embedding=1,server=y,suspend=n,address=127.0.0.1:56668
Begin MonoManager ReloadAssembly
Registering precompiled unity dll's ...
Register platform support module: K:/Unity/2020.3.4f1/Editor/Data/PlaybackEngines/WindowsStandaloneSupport/UnityEditor.WindowsStandalone.Extensions.dll
Registered in 0.000955 seconds.
Native extension for WindowsStandalone target not found
Refreshing native plugins compatible for Editor in 32.69 ms, found 0 plugins.
Preloading 0 native plugins for Editor in 0.00 ms.
Mono: successfully reloaded assembly
- Completed reload, in  0.658 seconds
Platform modules already initialized, skipping
Registering precompiled user dll's ...
Registered in 0.001016 seconds.
Begin MonoManager ReloadAssembly
Native extension for WindowsStandalone target not found
Refreshing native plugins compatible for Editor in 0.49 ms, found 0 plugins.
Preloading 0 native plugins for Editor in 0.00 ms.
Mono: successfully reloaded assembly
- Completed reload, in  0.667 seconds
Platform modules already initialized, skipping
========================================================================
Worker process is ready to serve import requests
Launched and connected shader compiler UnityShaderCompiler.exe after 0.06 seconds
Refreshing native plugins compatible for Editor in 0.47 ms, found 0 plugins.
Preloading 0 native plugins for Editor in 0.00 ms.
Unloading 1691 Unused Serialized files (Serialized files now loaded: 0)
System memory in use before: 80.4 MB.
System memory in use after: 80.5 MB.

Unloading 35 unused Assets to reduce memory usage. Loaded Objects now: 2121.
Total: 2.174800 ms (FindLiveObjects: 0.206700 ms CreateObjectMapping: 0.043500 ms MarkObjects: 1.821400 ms  DeleteObjects: 0.102000 ms)

========================================================================
Received Import Request.
  path: Assets/Readme.asset
  artifactKey: Guid(80262e33223625b4ba81f6fb236edd0a) Importer(815301076,1909f56bfc062723c751e8b465ee728b)
Start importing Assets/Readme.asset using Guid(80262e33223625b4ba81f6fb236edd0a) Importer(815301076,1909f56bfc062723c751e8b465ee728b)  -> (artifact id: '77bbf3e4759e38d6857eba90910ed1c6') in 0.031646 seconds
  Import took 0.034498 seconds .

========================================================================
Received Import Request.
  Time since last request: 5.934044 seconds.
  path: Assets/Scenes/MainScene/LightingData.asset
  artifactKey: Guid(6bea6719f1b1c464d809e29fcfd78bc3) Importer(815301076,1909f56bfc062723c751e8b465ee728b)
Start importing Assets/Scenes/MainScene/LightingData.asset using Guid(6bea6719f1b1c464d809e29fcfd78bc3) Importer(815301076,1909f56bfc062723c751e8b465ee728b)  -> (artifact id: 'dd926b32361fe33d17dcf5b3093300bb') in 0.005839 seconds
  Import took 0.008412 seconds .

========================================================================
Received Import Request.
  Time since last request: 0.010137 seconds.
  path: Assets/Scenes/MainScene/Main Camera Profile.asset
  artifactKey: Guid(c074e58fec2f9ab44b959cc60944f119) Importer(815301076,1909f56bfc062723c751e8b465ee728b)
Start importing Assets/Scenes/MainScene/Main Camera Profile.asset using Guid(c074e58fec2f9ab44b959cc60944f119) Importer(815301076,1909f56bfc062723c751e8b465ee728b)  -> (artifact id: 'd056f970a1ed624cbce58b427b17dac6') in 0.021949 seconds
  Import took 0.024565 seconds .

========================================================================
Received Import Request.
  Time since last request: 0.000172 seconds.
  path: Assets/Scenes/MainScene/ReflectionProbe-1.exr
  artifactKey: Guid(80b8bfe5c9cf0f040b04a21bcc563d50) Importer(815301076,1909f56bfc062723c751e8b465ee728b)
Start importing Assets/Scenes/MainScene/ReflectionProbe-1.exr using Guid(80b8bfe5c9cf0f040b04a21bcc563d50) Importer(815301076,1909f56bfc062723c751e8b465ee728b)  -> (artifact id: '876864b62ab2160e92b645d8aeaa84df') in 0.400493 seconds
  Import took 0.402723 seconds .

========================================================================
Received Import Request.
  Time since last request: 0.000156 seconds.
  path: Assets/Scenes/MainScene/ReflectionProbe-0.exr
  artifactKey: Guid(3947d6fd098946941b806fee5b308386) Importer(815301076,1909f56bfc062723c751e8b465ee728b)
Start importing Assets/Scenes/MainScene/ReflectionProbe-0.exr using Guid(3947d6fd098946941b806fee5b308386) Importer(815301076,1909f56bfc062723c751e8b465ee728b)  -> (artifact id: '33da0ad4ac79132b22e1ad4c77c2be45') in 0.012999 seconds
  Import took 0.015236 seconds .

========================================================================
Received Import Request.
  Time since last request: 0.000153 seconds.
  path: Assets/Scenes/MainScene/NavMesh.asset
  artifactKey: Guid(1c17d1473df9595419b9463f0b7cdec9) Importer(815301076,1909f56bfc062723c751e8b465ee728b)
Start importing Assets/Scenes/MainScene/NavMesh.asset using Guid(1c17d1473df9595419b9463f0b7cdec9) Importer(815301076,1909f56bfc062723c751e8b465ee728b)  -> (artifact id: '9a79d8ec3860bcacc1f40476b0cb87ea') in 0.006692 seconds
  Import took 0.008977 seconds .

========================================================================
Received Import Request.
  Time since last request: 1.891639 seconds.
  path: Assets/Scenes/MainScene.unity
  artifactKey: Guid(139fe7247bf905647981ad2d31d0f39e) Importer(815301076,1909f56bfc062723c751e8b465ee728b)
Start importing Assets/Scenes/MainScene.unity using Guid(139fe7247bf905647981ad2d31d0f39e) Importer(815301076,1909f56bfc062723c751e8b465ee728b)  -> (artifact id: 'ba00c92054d89e8d0cb3b0d488b1223a') in 0.005418 seconds
  Import took 0.007876 seconds .

========================================================================
Received Import Request.
  Time since last request: 0.001495 seconds.
  path: Assets/Scenes/MainScene.unity
  artifactKey: Guid(139fe7247bf905647981ad2d31d0f39e) Importer(815301076,1909f56bfc062723c751e8b465ee728b)
Start importing Assets/Scenes/MainScene.unity using Guid(139fe7247bf905647981ad2d31d0f39e) Importer(815301076,1909f56bfc062723c751e8b465ee728b)  -> (artifact id: 'ba00c92054d89e8d0cb3b0d488b1223a') in 0.001687 seconds
  Import took 0.003450 seconds .

========================================================================
Received Import Request.
  Time since last request: 222.541788 seconds.
  path: Assets/Textures/UI/Caught.png
  artifactKey: Guid(85d46c7add1129741a0d78fadba6998e) Importer(815301076,1909f56bfc062723c751e8b465ee728b)
Start importing Assets/Textures/UI/Caught.png using Guid(85d46c7add1129741a0d78fadba6998e) Importer(815301076,1909f56bfc062723c751e8b465ee728b)  -> (artifact id: 'fa9fcb8ea1fc2c972c9cd606bf115ec5') in 0.037128 seconds
  Import took 0.040238 seconds .

========================================================================
Received Import Request.
  Time since last request: 0.000157 seconds.
  path: Assets/Textures/UI/Won.png
  artifactKey: Guid(623a7345ca6d38f4280b86c32ffe7c15) Importer(815301076,1909f56bfc062723c751e8b465ee728b)
Start importing Assets/Textures/UI/Won.png using Guid(623a7345ca6d38f4280b86c32ffe7c15) Importer(815301076,1909f56bfc062723c751e8b465ee728b)  -> (artifact id: '597613d17e7295633b7b5a4fdab1e16b') in 0.077428 seconds
  Import took 0.080111 seconds .

========================================================================
Received Prepare
Registering precompiled user dll's ...
Registered in 0.001377 seconds.
Begin MonoManager ReloadAssembly
Native extension for WindowsStandalone target not found
Refreshing native plugins compatible for Editor in 0.53 ms, found 0 plugins.
Preloading 0 native plugins for Editor in 0.00 ms.
Mono: successfully reloaded assembly
- Completed reload, in  0.628 seconds
Platform modules already initialized, skipping
Refreshing native plugins compatible for Editor in 0.49 ms, found 0 plugins.
Preloading 0 native plugins for Editor in 0.00 ms.
Unloading 1654 Unused Serialized files (Serialized files now loaded: 0)
System memory in use before: 80.7 MB.
System memory in use after: 80.8 MB.

Unloading 26 unused Assets to reduce memory usage. Loaded Objects now: 2158.
Total: 1.687600 ms (FindLiveObjects: 0.206600 ms CreateObjectMapping: 0.042900 ms MarkObjects: 1.385000 ms  DeleteObjects: 0.052400 ms)

========================================================================
Received Import Request.
  Time since last request: 64.821118 seconds.
  path: Assets/Scripts/GameEnding.cs
  artifactKey: Guid(3c2912133fd6d574f81dc713829954dd) Importer(815301076,1909f56bfc062723c751e8b465ee728b)
Start importing Assets/Scripts/GameEnding.cs using Guid(3c2912133fd6d574f81dc713829954dd) Importer(815301076,1909f56bfc062723c751e8b465ee728b)  -> (artifact id: '40ec5b25803acbf0720ddc72d08fdb4f') in 0.010433 seconds
  Import took 0.013103 seconds .

========================================================================
Received Import Request.
  Time since last request: 0.014608 seconds.
  path: Assets/Scripts/GameEnding.cs
  artifactKey: Guid(3c2912133fd6d574f81dc713829954dd) Importer(815301076,1909f56bfc062723c751e8b465ee728b)
Start importing Assets/Scripts/GameEnding.cs using Guid(3c2912133fd6d574f81dc713829954dd) Importer(815301076,1909f56bfc062723c751e8b465ee728b)  -> (artifact id: '40ec5b25803acbf0720ddc72d08fdb4f') in 0.001591 seconds
  Import took 0.003491 seconds .

========================================================================
Received Import Request.
  Time since last request: 45.515306 seconds.
  path: Assets/Scripts/LightFlicker.cs
  artifactKey: Guid(24a255a6b0082bd429262fb040110f12) Importer(815301076,1909f56bfc062723c751e8b465ee728b)
Start importing Assets/Scripts/LightFlicker.cs using Guid(24a255a6b0082bd429262fb040110f12) Importer(815301076,1909f56bfc062723c751e8b465ee728b)  -> (artifact id: '186ae94cf4777e73329f8e414da9f051') in 0.006493 seconds
  Import took 0.009153 seconds .

========================================================================
Received Import Request.
  Time since last request: 0.038729 seconds.
  path: Assets/Scripts/LightFlicker.cs
  artifactKey: Guid(24a255a6b0082bd429262fb040110f12) Importer(815301076,1909f56bfc062723c751e8b465ee728b)
Start importing Assets/Scripts/LightFlicker.cs using Guid(24a255a6b0082bd429262fb040110f12) Importer(815301076,1909f56bfc062723c751e8b465ee728b)  -> (artifact id: '186ae94cf4777e73329f8e414da9f051') in 0.001538 seconds
  Import took 0.004155 seconds .

========================================================================
Received Import Request.
  Time since last request: 1.432145 seconds.
  path: Assets/Scripts/Observer.cs
  artifactKey: Guid(3ffcb4bd792607f4f8200beaa0babb83) Importer(815301076,1909f56bfc062723c751e8b465ee728b)
Start importing Assets/Scripts/Observer.cs using Guid(3ffcb4bd792607f4f8200beaa0babb83) Importer(815301076,1909f56bfc062723c751e8b465ee728b)  -> (artifact id: 'bdf4405ce6756c8921122c00559fa9c6') in 0.005274 seconds
  Import took 0.007883 seconds .

========================================================================
Received Import Request.
  Time since last request: 2.000556 seconds.
  path: Assets/Scripts/PlayerMovement.cs
  artifactKey: Guid(56b2cfb9174a093419d0f8db96a60eda) Importer(815301076,1909f56bfc062723c751e8b465ee728b)
Start importing Assets/Scripts/PlayerMovement.cs using Guid(56b2cfb9174a093419d0f8db96a60eda) Importer(815301076,1909f56bfc062723c751e8b465ee728b)  -> (artifact id: '33f20202ca3a640a3a39d6a0ef0ba68e') in 0.005388 seconds
  Import took 0.008063 seconds .

========================================================================
Received Import Request.
  Time since last request: 0.045023 seconds.
  path: Assets/Scripts/PlayerMovement.cs
  artifactKey: Guid(56b2cfb9174a093419d0f8db96a60eda) Importer(815301076,1909f56bfc062723c751e8b465ee728b)
Start importing Assets/Scripts/PlayerMovement.cs using Guid(56b2cfb9174a093419d0f8db96a60eda) Importer(815301076,1909f56bfc062723c751e8b465ee728b)  -> (artifact id: '33f20202ca3a640a3a39d6a0ef0ba68e') in 0.001858 seconds
  Import took 0.004379 seconds .

========================================================================
Received Prepare
Registering precompiled user dll's ...
Registered in 0.001358 seconds.
Begin MonoManager ReloadAssembly
Native extension for WindowsStandalone target not found
Refreshing native plugins compatible for Editor in 0.59 ms, found 0 plugins.
Preloading 0 native plugins for Editor in 0.00 ms.
Mono: successfully reloaded assembly
- Completed reload, in  0.673 seconds
Platform modules already initialized, skipping
Refreshing native plugins compatible for Editor in 0.93 ms, found 0 plugins.
Preloading 0 native plugins for Editor in 0.00 ms.
Unloading 1654 Unused Serialized files (Serialized files now loaded: 0)
System memory in use before: 80.7 MB.
System memory in use after: 80.8 MB.

Unloading 26 unused Assets to reduce memory usage. Loaded Objects now: 2161.
Total: 1.950700 ms (FindLiveObjects: 0.209700 ms CreateObjectMapping: 0.038500 ms MarkObjects: 1.628600 ms  DeleteObjects: 0.073000 ms)

========================================================================
Received Import Request.
  Time since last request: 45.159963 seconds.
  path: Assets/Scripts/PlayerMovement.cs
  artifactKey: Guid(56b2cfb9174a093419d0f8db96a60eda) Importer(815301076,1909f56bfc062723c751e8b465ee728b)
Start importing Assets/Scripts/PlayerMovement.cs using Guid(56b2cfb9174a093419d0f8db96a60eda) Importer(815301076,1909f56bfc062723c751e8b465ee728b)  -> (artifact id: '411f3b34df6fed7c7db35f274e34f4ad') in 0.004302 seconds
  Import took 0.006847 seconds .

========================================================================
Received Prepare
Registering precompiled user dll's ...
Registered in 0.001178 seconds.
Begin MonoManager ReloadAssembly
Native extension for WindowsStandalone target not found
Refreshing native plugins compatible for Editor in 0.63 ms, found 0 plugins.
Preloading 0 native plugins for Editor in 0.00 ms.
Mono: successfully reloaded assembly
- Completed reload, in  0.676 seconds
Platform modules already initialized, skipping
Refreshing native plugins compatible for Editor in 0.62 ms, found 0 plugins.
Preloading 0 native plugins for Editor in 0.00 ms.
Unloading 1654 Unused Serialized files (Serialized files now loaded: 0)
System memory in use before: 80.7 MB.
System memory in use after: 80.8 MB.

Unloading 26 unused Assets to reduce memory usage. Loaded Objects now: 2164.
Total: 2.088500 ms (FindLiveObjects: 0.240300 ms CreateObjectMapping: 0.040400 ms MarkObjects: 1.743600 ms  DeleteObjects: 0.063000 ms)

========================================================================
Received Import Request.
  Time since last request: 19.389115 seconds.
  path: Assets/Scripts/PlayerMovement.cs
  artifactKey: Guid(56b2cfb9174a093419d0f8db96a60eda) Importer(815301076,1909f56bfc062723c751e8b465ee728b)
Start importing Assets/Scripts/PlayerMovement.cs using Guid(56b2cfb9174a093419d0f8db96a60eda) Importer(815301076,1909f56bfc062723c751e8b465ee728b)  -> (artifact id: 'd99cf251c667a5642a5212d14943b093') in 0.005000 seconds
  Import took 0.008009 seconds .

========================================================================
Received Prepare
Registering precompiled user dll's ...
Registered in 0.001149 seconds.
Begin MonoManager ReloadAssembly
Native extension for WindowsStandalone target not found
Refreshing native plugins compatible for Editor in 0.52 ms, found 0 plugins.
Preloading 0 native plugins for Editor in 0.00 ms.
Mono: successfully reloaded assembly
- Completed reload, in  0.651 seconds
Platform modules already initialized, skipping
Refreshing native plugins compatible for Editor in 0.63 ms, found 0 plugins.
Preloading 0 native plugins for Editor in 0.00 ms.
Unloading 1654 Unused Serialized files (Serialized files now loaded: 0)
System memory in use before: 80.8 MB.
System memory in use after: 80.8 MB.

Unloading 26 unused Assets to reduce memory usage. Loaded Objects now: 2167.
Total: 2.439700 ms (FindLiveObjects: 0.247900 ms CreateObjectMapping: 0.040000 ms MarkObjects: 2.081200 ms  DeleteObjects: 0.069600 ms)

========================================================================
Received Import Request.
  Time since last request: 108.484174 seconds.
  path: Assets/Scripts
  artifactKey: Guid(4b32d296f22ef544caf49758d8111991) Importer(815301076,1909f56bfc062723c751e8b465ee728b)
Start importing Assets/Scripts using Guid(4b32d296f22ef544caf49758d8111991) Importer(815301076,1909f56bfc062723c751e8b465ee728b)  -> (artifact id: '34a88bca5bb6a2baee8017245e3d529b') in 0.008886 seconds
  Import took 0.011800 seconds .

========================================================================
Received Import Request.
  Time since last request: 60.475862 seconds.
  path: Assets/Scripts/WaypointPatrol.cs
  artifactKey: Guid(d87db442af6be8e4a982be8e171e123b) Importer(815301076,1909f56bfc062723c751e8b465ee728b)
Start importing Assets/Scripts/WaypointPatrol.cs using Guid(d87db442af6be8e4a982be8e171e123b) Importer(815301076,1909f56bfc062723c751e8b465ee728b)  -> (artifact id: 'cd9d03e3d030b07bcc09d396e07c5da2') in 0.005997 seconds
  Import took 0.008862 seconds .

========================================================================
Received Import Request.
  Time since last request: 0.000754 seconds.
  path: Assets/Scripts/WaypointPatrol.cs
  artifactKey: Guid(d87db442af6be8e4a982be8e171e123b) Importer(815301076,1909f56bfc062723c751e8b465ee728b)
Start importing Assets/Scripts/WaypointPatrol.cs using Guid(d87db442af6be8e4a982be8e171e123b) Importer(815301076,1909f56bfc062723c751e8b465ee728b)  -> (artifact id: 'cd9d03e3d030b07bcc09d396e07c5da2') in 0.002190 seconds
  Import took 0.004104 seconds .

========================================================================
Received Prepare
Registering precompiled user dll's ...
Registered in 0.001047 seconds.
Begin MonoManager ReloadAssembly
Native extension for WindowsStandalone target not found
Refreshing native plugins compatible for Editor in 0.51 ms, found 0 plugins.
Preloading 0 native plugins for Editor in 0.00 ms.
Mono: successfully reloaded assembly
- Completed reload, in  0.626 seconds
Platform modules already initialized, skipping
Refreshing native plugins compatible for Editor in 0.49 ms, found 0 plugins.
Preloading 0 native plugins for Editor in 0.00 ms.
Unloading 1654 Unused Serialized files (Serialized files now loaded: 0)
System memory in use before: 80.8 MB.
System memory in use after: 80.8 MB.

Unloading 26 unused Assets to reduce memory usage. Loaded Objects now: 2170.
Total: 1.944300 ms (FindLiveObjects: 0.218100 ms CreateObjectMapping: 0.044700 ms MarkObjects: 1.613400 ms  DeleteObjects: 0.067200 ms)

========================================================================
Received Prepare
Registering precompiled user dll's ...
Registered in 0.001125 seconds.
Begin MonoManager ReloadAssembly
Native extension for WindowsStandalone target not found
Refreshing native plugins compatible for Editor in 0.53 ms, found 0 plugins.
Preloading 0 native plugins for Editor in 0.00 ms.
Mono: successfully reloaded assembly
- Completed reload, in  0.630 seconds
Platform modules already initialized, skipping
Refreshing native plugins compatible for Editor in 0.62 ms, found 0 plugins.
Preloading 0 native plugins for Editor in 0.00 ms.
Unloading 1654 Unused Serialized files (Serialized files now loaded: 0)
System memory in use before: 80.8 MB.
System memory in use after: 80.9 MB.

Unloading 26 unused Assets to reduce memory usage. Loaded Objects now: 2173.
Total: 2.778500 ms (FindLiveObjects: 0.505100 ms CreateObjectMapping: 0.068400 ms MarkObjects: 2.128600 ms  DeleteObjects: 0.074200 ms)

========================================================================
Received Import Request.
  Time since last request: 729.727121 seconds.
  path: Assets/Scripts/PlayerMovement.cs
  artifactKey: Guid(56b2cfb9174a093419d0f8db96a60eda) Importer(815301076,1909f56bfc062723c751e8b465ee728b)
Start importing Assets/Scripts/PlayerMovement.cs using Guid(56b2cfb9174a093419d0f8db96a60eda) Importer(815301076,1909f56bfc062723c751e8b465ee728b)  -> (artifact id: '6b3153b1d294794e05e11874960a80a9') in 0.009252 seconds
  Import took 0.012088 seconds .

========================================================================
Received Prepare
Registering precompiled user dll's ...
Registered in 0.001181 seconds.
Begin MonoManager ReloadAssembly
Native extension for WindowsStandalone target not found
Refreshing native plugins compatible for Editor in 0.70 ms, found 0 plugins.
Preloading 0 native plugins for Editor in 0.00 ms.
Mono: successfully reloaded assembly
- Completed reload, in  0.695 seconds
Platform modules already initialized, skipping
Refreshing native plugins compatible for Editor in 0.64 ms, found 0 plugins.
Preloading 0 native plugins for Editor in 0.00 ms.
Unloading 1654 Unused Serialized files (Serialized files now loaded: 0)
System memory in use before: 80.8 MB.
System memory in use after: 80.9 MB.

Unloading 26 unused Assets to reduce memory usage. Loaded Objects now: 2176.
Total: 2.301300 ms (FindLiveObjects: 0.345000 ms CreateObjectMapping: 0.039200 ms MarkObjects: 1.848800 ms  DeleteObjects: 0.066600 ms)

========================================================================
Received Prepare
Registering precompiled user dll's ...
Registered in 0.001353 seconds.
Begin MonoManager ReloadAssembly
Native extension for WindowsStandalone target not found
Refreshing native plugins compatible for Editor in 0.54 ms, found 0 plugins.
Preloading 0 native plugins for Editor in 0.00 ms.
Mono: successfully reloaded assembly
- Completed reload, in  0.642 seconds
Platform modules already initialized, skipping
Refreshing native plugins compatible for Editor in 0.76 ms, found 0 plugins.
Preloading 0 native plugins for Editor in 0.00 ms.
Unloading 1654 Unused Serialized files (Serialized files now loaded: 0)
System memory in use before: 80.8 MB.
System memory in use after: 80.9 MB.

Unloading 26 unused Assets to reduce memory usage. Loaded Objects now: 2179.
Total: 1.993600 ms (FindLiveObjects: 0.269500 ms CreateObjectMapping: 0.038800 ms MarkObjects: 1.608400 ms  DeleteObjects: 0.075500 ms)

========================================================================
Received Prepare
Registering precompiled user dll's ...
Registered in 0.001191 seconds.
Begin MonoManager ReloadAssembly
Native extension for WindowsStandalone target not found
Refreshing native plugins compatible for Editor in 0.51 ms, found 0 plugins.
Preloading 0 native plugins for Editor in 0.00 ms.
Mono: successfully reloaded assembly
- Completed reload, in  0.633 seconds
Platform modules already initialized, skipping
Refreshing native plugins compatible for Editor in 0.50 ms, found 0 plugins.
Preloading 0 native plugins for Editor in 0.00 ms.
Unloading 1654 Unused Serialized files (Serialized files now loaded: 0)
System memory in use before: 80.8 MB.
System memory in use after: 80.9 MB.

Unloading 26 unused Assets to reduce memory usage. Loaded Objects now: 2182.
Total: 1.914500 ms (FindLiveObjects: 0.197200 ms CreateObjectMapping: 0.044900 ms MarkObjects: 1.611000 ms  DeleteObjects: 0.060300 ms)

========================================================================
Received Import Request.
  Time since last request: 135.509123 seconds.
  path: Assets/Scripts/PlayerMovement.cs
  artifactKey: Guid(56b2cfb9174a093419d0f8db96a60eda) Importer(815301076,1909f56bfc062723c751e8b465ee728b)
Start importing Assets/Scripts/PlayerMovement.cs using Guid(56b2cfb9174a093419d0f8db96a60eda) Importer(815301076,1909f56bfc062723c751e8b465ee728b)  -> (artifact id: '5e4d207c61c9c0f21e95b4c5de5fe006') in 0.004206 seconds
  Import took 0.006935 seconds .

========================================================================
Received Prepare
Registering precompiled user dll's ...
Registered in 0.001174 seconds.
Begin MonoManager ReloadAssembly
Native extension for WindowsStandalone target not found
Refreshing native plugins compatible for Editor in 0.56 ms, found 0 plugins.
Preloading 0 native plugins for Editor in 0.00 ms.
Mono: successfully reloaded assembly
- Completed reload, in  0.699 seconds
Platform modules already initialized, skipping
Refreshing native plugins compatible for Editor in 0.51 ms, found 0 plugins.
Preloading 0 native plugins for Editor in 0.00 ms.
Unloading 1654 Unused Serialized files (Serialized files now loaded: 0)
System memory in use before: 80.8 MB.
System memory in use after: 80.9 MB.

Unloading 26 unused Assets to reduce memory usage. Loaded Objects now: 2185.
Total: 1.984500 ms (FindLiveObjects: 0.250700 ms CreateObjectMapping: 0.040200 ms MarkObjects: 1.608600 ms  DeleteObjects: 0.084000 ms)

========================================================================
Received Import Request.
  Time since last request: 2551.267470 seconds.
  path: Assets/Prefabs/FaderCanvas.prefab
  artifactKey: Guid(25a9b51216ac79a4d8058aa58c2d6889) Importer(815301076,1909f56bfc062723c751e8b465ee728b)
Start importing Assets/Prefabs/FaderCanvas.prefab using Guid(25a9b51216ac79a4d8058aa58c2d6889) Importer(815301076,1909f56bfc062723c751e8b465ee728b)  -> (artifact id: '8758fa2511eea0b9e9cb3d85074e40aa') in 0.028436 seconds
  Import took 0.031604 seconds .

========================================================================
Received Import Request.
  Time since last request: 0.000176 seconds.
  path: Assets/Prefabs/Gargoyle.prefab
  artifactKey: Guid(39d0626ce76d1884da050e0e509a5540) Importer(815301076,1909f56bfc062723c751e8b465ee728b)
Start importing Assets/Prefabs/Gargoyle.prefab using Guid(39d0626ce76d1884da050e0e509a5540) Importer(815301076,1909f56bfc062723c751e8b465ee728b)  -> (artifact id: 'f998ae372c10f528b41ff8797569d2f6') in 0.343073 seconds
  Import took 0.345753 seconds .

========================================================================
Received Import Request.
  Time since last request: 0.000231 seconds.
  path: Assets/Prefabs/Level.prefab
  artifactKey: Guid(549c69af39b84624b8a053537c407def) Importer(815301076,1909f56bfc062723c751e8b465ee728b)
Start importing Assets/Prefabs/Level.prefab using Guid(549c69af39b84624b8a053537c407def) Importer(815301076,1909f56bfc062723c751e8b465ee728b)  -> (artifact id: 'aee984c1e2a15108ed5503ee86af9506') in 3.259225 seconds
  Import took 3.272364 seconds .

========================================================================
Received Import Request.
  Time since last request: 0.000203 seconds.
  path: Assets/Prefabs/PointOfView.prefab
  artifactKey: Guid(8a6f7024e2eb90140bdf570ef653bac8) Importer(815301076,1909f56bfc062723c751e8b465ee728b)
Start importing Assets/Prefabs/PointOfView.prefab using Guid(8a6f7024e2eb90140bdf570ef653bac8) Importer(815301076,1909f56bfc062723c751e8b465ee728b)  -> (artifact id: '833052393794ae66768a50a5f10f168b') in 0.008384 seconds
  Import took 0.011945 seconds .

========================================================================
Received Import Request.
  Time since last request: 0.000197 seconds.
  path: Assets/Prefabs/JohnLemon.prefab
  artifactKey: Guid(e58a8494f35e17f45ba5bbffdfb92517) Importer(815301076,1909f56bfc062723c751e8b465ee728b)
Start importing Assets/Prefabs/JohnLemon.prefab using Guid(e58a8494f35e17f45ba5bbffdfb92517) Importer(815301076,1909f56bfc062723c751e8b465ee728b)  -> (artifact id: 'ce83a4a80938c15c973d9e8146663be2') in 0.025408 seconds
  Import took 0.028621 seconds .

========================================================================
Received Import Request.
  Time since last request: 0.000165 seconds.
  path: Assets/Prefabs/GameEnding.prefab
  artifactKey: Guid(3d8158841df6b824eb4a665f82a99938) Importer(815301076,1909f56bfc062723c751e8b465ee728b)
Start importing Assets/Prefabs/GameEnding.prefab using Guid(3d8158841df6b824eb4a665f82a99938) Importer(815301076,1909f56bfc062723c751e8b465ee728b)  -> (artifact id: '8e20fbfd9d23172e868f3ef320aa11fc') in 0.007401 seconds
  Import took 0.010248 seconds .

========================================================================
Received Import Request.
  Time since last request: 0.000194 seconds.
  path: Assets/Prefabs/Ghost.prefab
  artifactKey: Guid(abeb186619cc7e6419cb81e1e4dfa162) Importer(815301076,1909f56bfc062723c751e8b465ee728b)
Start importing Assets/Prefabs/Ghost.prefab using Guid(abeb186619cc7e6419cb81e1e4dfa162) Importer(815301076,1909f56bfc062723c751e8b465ee728b)  -> (artifact id: 'f50d871153b44f135491a3908ca3bd95') in 0.017222 seconds
  Import took 0.020403 seconds .

========================================================================
Received Import Request.
  Time since last request: 15.124699 seconds.
  path: Assets/Prefabs/Environment
  artifactKey: Guid(0de8ecb26cbe0cc42824052a40e35836) Importer(815301076,1909f56bfc062723c751e8b465ee728b)
Start importing Assets/Prefabs/Environment using Guid(0de8ecb26cbe0cc42824052a40e35836) Importer(815301076,1909f56bfc062723c751e8b465ee728b)  -> (artifact id: '474eea9925c9b45d2dd0d81aefe17250') in 0.007366 seconds
  Import took 0.010217 seconds .

========================================================================
Received Import Request.
  Time since last request: 0.566093 seconds.
  path: Assets/Prefabs/Environment/Gargoyle_Light.prefab
  artifactKey: Guid(a7ec6f1fb20f74f42973c923d140bc20) Importer(815301076,1909f56bfc062723c751e8b465ee728b)
Start importing Assets/Prefabs/Environment/Gargoyle_Light.prefab using Guid(a7ec6f1fb20f74f42973c923d140bc20) Importer(815301076,1909f56bfc062723c751e8b465ee728b)  -> (artifact id: '74a9e6196942c06eff851e943cb94e9f') in 0.007109 seconds
  Import took 0.010213 seconds .

========================================================================
Received Import Request.
  Time since last request: 0.202218 seconds.
  path: Assets/Prefabs/Environment/Bathroom
  artifactKey: Guid(323165c71f87e604c9230c79d9a124aa) Importer(815301076,1909f56bfc062723c751e8b465ee728b)
Start importing Assets/Prefabs/Environment/Bathroom using Guid(323165c71f87e604c9230c79d9a124aa) Importer(815301076,1909f56bfc062723c751e8b465ee728b)  -> (artifact id: 'af31883085650f56d0b47da413ea1753') in 0.005675 seconds
  Import took 0.008509 seconds .

========================================================================
Received Import Request.
  Time since last request: 6.087641 seconds.
  path: Assets/Prefabs/Environment/Dinigroom
  artifactKey: Guid(c443954c731e7a84ab1cbef471f394ea) Importer(815301076,1909f56bfc062723c751e8b465ee728b)
Start importing Assets/Prefabs/Environment/Dinigroom using Guid(c443954c731e7a84ab1cbef471f394ea) Importer(815301076,1909f56bfc062723c751e8b465ee728b)  -> (artifact id: 'e7d548903981193cc00ff2f09fedeab5') in 0.006158 seconds
  Import took 0.009141 seconds .

========================================================================
Received Import Request.
  Time since last request: 0.360017 seconds.
  path: Assets/Prefabs/Environment/Dinigroom/Candlestick.prefab
  artifactKey: Guid(d775be624a1870245b73e82cbc922cfc) Importer(815301076,1909f56bfc062723c751e8b465ee728b)
Start importing Assets/Prefabs/Environment/Dinigroom/Candlestick.prefab using Guid(d775be624a1870245b73e82cbc922cfc) Importer(815301076,1909f56bfc062723c751e8b465ee728b)  -> (artifact id: 'cb6f7ea92705a1fa22cceeac634fc1ec') in 0.012819 seconds
  Import took 0.016102 seconds .

========================================================================
Received Import Request.
  Time since last request: 0.000175 seconds.
  path: Assets/Prefabs/Environment/Dinigroom/Clock.prefab
  artifactKey: Guid(836b935a856cf8842a48d2069e17341f) Importer(815301076,1909f56bfc062723c751e8b465ee728b)
Start importing Assets/Prefabs/Environment/Dinigroom/Clock.prefab using Guid(836b935a856cf8842a48d2069e17341f) Importer(815301076,1909f56bfc062723c751e8b465ee728b)  -> (artifact id: 'c3461eda842b4309d9b544ffa774c3cb') in 0.012983 seconds
  Import took 0.015605 seconds .

========================================================================
Received Import Request.
  Time since last request: 0.000173 seconds.
  path: Assets/Prefabs/Environment/Dinigroom/Chair_2.prefab
  artifactKey: Guid(63d1dcb66a43f6048b46981a4abc3fff) Importer(815301076,1909f56bfc062723c751e8b465ee728b)
Start importing Assets/Prefabs/Environment/Dinigroom/Chair_2.prefab using Guid(63d1dcb66a43f6048b46981a4abc3fff) Importer(815301076,1909f56bfc062723c751e8b465ee728b)  -> (artifact id: 'c7ca0e7bbb5cb248f2999a757e40246a') in 0.013075 seconds
  Import took 0.016103 seconds .

========================================================================
Received Import Request.
  Time since last request: 0.000194 seconds.
  path: Assets/Prefabs/Environment/Dinigroom/Table.prefab
  artifactKey: Guid(390c961e3e2b03342b3aabdfa362e13a) Importer(815301076,1909f56bfc062723c751e8b465ee728b)
Start importing Assets/Prefabs/Environment/Dinigroom/Table.prefab using Guid(390c961e3e2b03342b3aabdfa362e13a) Importer(815301076,1909f56bfc062723c751e8b465ee728b)  -> (artifact id: '6e4187057adcd915c4e0a074bd19024e') in 0.012467 seconds
  Import took 0.015151 seconds .

========================================================================
Received Import Request.
  Time since last request: 0.000188 seconds.
  path: Assets/Prefabs/Environment/Dinigroom/Chair_1.prefab
  artifactKey: Guid(18e8f3cf6fe42a7438059622a10c61db) Importer(815301076,1909f56bfc062723c751e8b465ee728b)
Start importing Assets/Prefabs/Environment/Dinigroom/Chair_1.prefab using Guid(18e8f3cf6fe42a7438059622a10c61db) Importer(815301076,1909f56bfc062723c751e8b465ee728b)  -> (artifact id: '33786b76020c1c12fec5016e974b4342') in 0.011204 seconds
  Import took 0.013759 seconds .

========================================================================
Received Import Request.
  Time since last request: 0.000184 seconds.
  path: Assets/Prefabs/Environment/Dinigroom/Rug_Diningroom.prefab
  artifactKey: Guid(fba3762311c1bb54eb2cea0b832496ff) Importer(815301076,1909f56bfc062723c751e8b465ee728b)
Start importing Assets/Prefabs/Environment/Dinigroom/Rug_Diningroom.prefab using Guid(fba3762311c1bb54eb2cea0b832496ff) Importer(815301076,1909f56bfc062723c751e8b465ee728b)  -> (artifact id: '5c98b654b7890a868ef53be144e1cfa1') in 0.012480 seconds
  Import took 0.015160 seconds .

========================================================================
Received Import Request.
  Time since last request: 0.000179 seconds.
  path: Assets/Prefabs/Environment/Dinigroom/Dining_Table.prefab
  artifactKey: Guid(5b0f30563ee344b498bf4627617fde32) Importer(815301076,1909f56bfc062723c751e8b465ee728b)
Start importing Assets/Prefabs/Environment/Dinigroom/Dining_Table.prefab using Guid(5b0f30563ee344b498bf4627617fde32) Importer(815301076,1909f56bfc062723c751e8b465ee728b)  -> (artifact id: 'bb79e9b6840a4ecb9ce29af2947c25a0') in 0.011552 seconds
  Import took 0.014116 seconds .

========================================================================
Received Import Request.
  Time since last request: 0.000194 seconds.
  path: Assets/Prefabs/Environment/Dinigroom/Monster_Lamp.prefab
  artifactKey: Guid(c4cfdd186096c1842a81a4293d1b80da) Importer(815301076,1909f56bfc062723c751e8b465ee728b)
Start importing Assets/Prefabs/Environment/Dinigroom/Monster_Lamp.prefab using Guid(c4cfdd186096c1842a81a4293d1b80da) Importer(815301076,1909f56bfc062723c751e8b465ee728b)  -> (artifact id: '8660a13517b8deed4eb33c284bdeaf9c') in 0.012246 seconds
  Import took 0.015304 seconds .

========================================================================
Received Import Request.
  Time since last request: 0.000186 seconds.
  path: Assets/Prefabs/Environment/Dinigroom/Fireplace.prefab
  artifactKey: Guid(de12a8ff68064d149b96fd74850abce6) Importer(815301076,1909f56bfc062723c751e8b465ee728b)
Start importing Assets/Prefabs/Environment/Dinigroom/Fireplace.prefab using Guid(de12a8ff68064d149b96fd74850abce6) Importer(815301076,1909f56bfc062723c751e8b465ee728b)  -> (artifact id: '701f57191a8c7d0d0c6d1336fdf1997e') in 0.012835 seconds
  Import took 0.015660 seconds .

========================================================================
Received Import Request.
  Time since last request: 2.619743 seconds.
  path: Assets/Prefabs/Environment/Corridors/Door.prefab
  artifactKey: Guid(141a3c088bae48f42a579375904a411c) Importer(815301076,1909f56bfc062723c751e8b465ee728b)
Start importing Assets/Prefabs/Environment/Corridors/Door.prefab using Guid(141a3c088bae48f42a579375904a411c) Importer(815301076,1909f56bfc062723c751e8b465ee728b)  -> (artifact id: 'bc43b6f665962cde461256ac1960367b') in 0.013414 seconds
  Import took 0.016373 seconds .

========================================================================
Received Import Request.
  Time since last request: 0.000166 seconds.
  path: Assets/Prefabs/Environment/Corridors/Wall_Straight_01.prefab
  artifactKey: Guid(f0813250bbbbb424388bcfd29b014cb7) Importer(815301076,1909f56bfc062723c751e8b465ee728b)
Start importing Assets/Prefabs/Environment/Corridors/Wall_Straight_01.prefab using Guid(f0813250bbbbb424388bcfd29b014cb7) Importer(815301076,1909f56bfc062723c751e8b465ee728b)  -> (artifact id: 'c5a2c41658619facd043bbbd9cb8d557') in 0.013033 seconds
  Import took 0.015503 seconds .

========================================================================
Received Import Request.
  Time since last request: 0.000144 seconds.
  path: Assets/Prefabs/Environment/Corridors/Wall_Corner_Exterior_In.prefab
  artifactKey: Guid(5bb95bbe94bc3eb4897d4218ec092132) Importer(815301076,1909f56bfc062723c751e8b465ee728b)
Start importing Assets/Prefabs/Environment/Corridors/Wall_Corner_Exterior_In.prefab using Guid(5bb95bbe94bc3eb4897d4218ec092132) Importer(815301076,1909f56bfc062723c751e8b465ee728b)  -> (artifact id: '0ff662867d94aca3a019cc507906c555') in 0.011616 seconds
  Import took 0.014052 seconds .

========================================================================
Received Import Request.
  Time since last request: 0.000157 seconds.
  path: Assets/Prefabs/Environment/Corridors/Wall_Straight_Exterior_04.prefab
  artifactKey: Guid(fe38739420c917b45aa10d806da6344b) Importer(815301076,1909f56bfc062723c751e8b465ee728b)
Start importing Assets/Prefabs/Environment/Corridors/Wall_Straight_Exterior_04.prefab using Guid(fe38739420c917b45aa10d806da6344b) Importer(815301076,1909f56bfc062723c751e8b465ee728b)  -> (artifact id: '15f46e93ab147433a9731b1834689e4e') in 0.017535 seconds
  Import took 0.020105 seconds .

========================================================================
Received Import Request.
  Time since last request: 0.000160 seconds.
  path: Assets/Prefabs/Environment/Corridors/Wall_Window_01.prefab
  artifactKey: Guid(fca350f99b41b0845b466df4bb285fa6) Importer(815301076,1909f56bfc062723c751e8b465ee728b)
Start importing Assets/Prefabs/Environment/Corridors/Wall_Window_01.prefab using Guid(fca350f99b41b0845b466df4bb285fa6) Importer(815301076,1909f56bfc062723c751e8b465ee728b)  -> (artifact id: 'f776e8c828baa054b01db38090f4e013') in 0.020945 seconds
  Import took 0.023605 seconds .

========================================================================
Received Import Request.
  Time since last request: 0.000178 seconds.
  path: Assets/Prefabs/Environment/Corridors/Rug_Corridor.prefab
  artifactKey: Guid(d6f7474cae3e0ab43bce6c8505c5db19) Importer(815301076,1909f56bfc062723c751e8b465ee728b)
Start importing Assets/Prefabs/Environment/Corridors/Rug_Corridor.prefab using Guid(d6f7474cae3e0ab43bce6c8505c5db19) Importer(815301076,1909f56bfc062723c751e8b465ee728b)  -> (artifact id: 'a827a4c959c75afa391f8d6d7e3a578d') in 0.013796 seconds
  Import took 0.016536 seconds .

========================================================================
Received Import Request.
  Time since last request: 0.000174 seconds.
  path: Assets/Prefabs/Environment/Corridors/Wall_Windows_Straight.prefab
  artifactKey: Guid(66f6da02ac19ec84ab23f955e403ac32) Importer(815301076,1909f56bfc062723c751e8b465ee728b)
Start importing Assets/Prefabs/Environment/Corridors/Wall_Windows_Straight.prefab using Guid(66f6da02ac19ec84ab23f955e403ac32) Importer(815301076,1909f56bfc062723c751e8b465ee728b)  -> (artifact id: '25968cd846ad68efc91d4702d00d7fc0') in 0.014488 seconds
  Import took 0.017766 seconds .

========================================================================
Received Import Request.
  Time since last request: 0.000197 seconds.
  path: Assets/Prefabs/Environment/Corridors/Light.prefab
  artifactKey: Guid(fa833c84b0dbee34b84e6427f78feff3) Importer(815301076,1909f56bfc062723c751e8b465ee728b)
Start importing Assets/Prefabs/Environment/Corridors/Light.prefab using Guid(fa833c84b0dbee34b84e6427f78feff3) Importer(815301076,1909f56bfc062723c751e8b465ee728b)  -> (artifact id: '65825abdeb8341c5907e68f535a1c20e') in 0.016323 seconds
  Import took 0.019535 seconds .

========================================================================
Received Import Request.
  Time since last request: 0.000163 seconds.
  path: Assets/Prefabs/Environment/Corridors/Wall_Straight_Exterior_03.prefab
  artifactKey: Guid(9aa36451a9a7f5148849a5de98e47e9e) Importer(815301076,1909f56bfc062723c751e8b465ee728b)
Start importing Assets/Prefabs/Environment/Corridors/Wall_Straight_Exterior_03.prefab using Guid(9aa36451a9a7f5148849a5de98e47e9e) Importer(815301076,1909f56bfc062723c751e8b465ee728b)  -> (artifact id: 'fd3a8fde02313e4ab0a53cefb46dc8e9') in 0.012405 seconds
  Import took 0.015431 seconds .

========================================================================
Received Import Request.
  Time since last request: 0.000186 seconds.
  path: Assets/Prefabs/Environment/Corridors/Wall_Corner_Exterior_Out.prefab
  artifactKey: Guid(c47f1a83b147ec342a2b5976fcfcdb01) Importer(815301076,1909f56bfc062723c751e8b465ee728b)
Start importing Assets/Prefabs/Environment/Corridors/Wall_Corner_Exterior_Out.prefab using Guid(c47f1a83b147ec342a2b5976fcfcdb01) Importer(815301076,1909f56bfc062723c751e8b465ee728b)  -> (artifact id: '7f16554b1bf4bd9ca39edaa33b2dae59') in 0.014814 seconds
  Import took 0.017623 seconds .

========================================================================
Received Import Request.
  Time since last request: 0.000165 seconds.
  path: Assets/Prefabs/Environment/Corridors/Wall_Straight_02.prefab
  artifactKey: Guid(c013316754088b1449bccb219da41401) Importer(815301076,1909f56bfc062723c751e8b465ee728b)
Start importing Assets/Prefabs/Environment/Corridors/Wall_Straight_02.prefab using Guid(c013316754088b1449bccb219da41401) Importer(815301076,1909f56bfc062723c751e8b465ee728b)  -> (artifact id: '5dd9c1783bc469c53c7c5862650dd802') in 0.016597 seconds
  Import took 0.019218 seconds .

========================================================================
Received Import Request.
  Time since last request: 0.000169 seconds.
  path: Assets/Prefabs/Environment/Corridors/Wall_Straight_Exterior_01.prefab
  artifactKey: Guid(e8b57bf1aa0bc904386562ebc4602661) Importer(815301076,1909f56bfc062723c751e8b465ee728b)
Start importing Assets/Prefabs/Environment/Corridors/Wall_Straight_Exterior_01.prefab using Guid(e8b57bf1aa0bc904386562ebc4602661) Importer(815301076,1909f56bfc062723c751e8b465ee728b)  -> (artifact id: '50f78ed6154924bc14e92d830126f315') in 0.014241 seconds
  Import took 0.017092 seconds .

========================================================================
Received Import Request.
  Time since last request: 0.000307 seconds.
  path: Assets/Prefabs/Environment/Corridors/Wall_Straight_Exterior_02.prefab
  artifactKey: Guid(58d816ba5e386644e8997f9e70931507) Importer(815301076,1909f56bfc062723c751e8b465ee728b)
Start importing Assets/Prefabs/Environment/Corridors/Wall_Straight_Exterior_02.prefab using Guid(58d816ba5e386644e8997f9e70931507) Importer(815301076,1909f56bfc062723c751e8b465ee728b)  -> (artifact id: 'fd6cbd44d7c626d6ee12920375505ea1') in 0.011957 seconds
  Import took 0.014892 seconds .

========================================================================
Received Import Request.
  Time since last request: 0.000150 seconds.
  path: Assets/Prefabs/Environment/Corridors/Wall_Corner_Interior.prefab
  artifactKey: Guid(5a088a5f9e886a64b90e23ed9d048b4f) Importer(815301076,1909f56bfc062723c751e8b465ee728b)
Start importing Assets/Prefabs/Environment/Corridors/Wall_Corner_Interior.prefab using Guid(5a088a5f9e886a64b90e23ed9d048b4f) Importer(815301076,1909f56bfc062723c751e8b465ee728b)  -> (artifact id: '77b1be175d00d3533a5194e6596a39ec') in 0.013513 seconds
  Import took 0.016077 seconds .

========================================================================
Received Import Request.
  Time since last request: 0.000206 seconds.
  path: Assets/Prefabs/Environment/Corridors/Post.prefab
  artifactKey: Guid(32d2a8958697bb644913bfaedcc8df68) Importer(815301076,1909f56bfc062723c751e8b465ee728b)
Start importing Assets/Prefabs/Environment/Corridors/Post.prefab using Guid(32d2a8958697bb644913bfaedcc8df68) Importer(815301076,1909f56bfc062723c751e8b465ee728b)  -> (artifact id: '0a020338b49d88a6f3c1c19845d5e245') in 0.013817 seconds
  Import took 0.016815 seconds .

========================================================================
Received Import Request.
  Time since last request: 0.000168 seconds.
  path: Assets/Prefabs/Environment/Corridors/Wall_Window_02.prefab
  artifactKey: Guid(962c5f6cf906ba8459778725994343f5) Importer(815301076,1909f56bfc062723c751e8b465ee728b)
Start importing Assets/Prefabs/Environment/Corridors/Wall_Window_02.prefab using Guid(962c5f6cf906ba8459778725994343f5) Importer(815301076,1909f56bfc062723c751e8b465ee728b)  -> (artifact id: 'd9d955f4302dae5174bbaa934169ee5c') in 0.014689 seconds
  Import took 0.017338 seconds .

========================================================================
Received Import Request.
  Time since last request: 0.717664 seconds.
  path: Assets/Prefabs/Environment/Bedroom/Bed.prefab
  artifactKey: Guid(645ef604d3d32e045b044529dbc554af) Importer(815301076,1909f56bfc062723c751e8b465ee728b)
Start importing Assets/Prefabs/Environment/Bedroom/Bed.prefab using Guid(645ef604d3d32e045b044529dbc554af) Importer(815301076,1909f56bfc062723c751e8b465ee728b)  -> (artifact id: '54b533d6fadb871fcd4e23736324fe1b') in 0.011572 seconds
  Import took 0.014836 seconds .

========================================================================
Received Import Request.
  Time since last request: 0.000150 seconds.
  path: Assets/Prefabs/Environment/Bedroom/Bedside_Table.prefab
  artifactKey: Guid(c68b0496eaa4e75479451d4c408f629c) Importer(815301076,1909f56bfc062723c751e8b465ee728b)
Start importing Assets/Prefabs/Environment/Bedroom/Bedside_Table.prefab using Guid(c68b0496eaa4e75479451d4c408f629c) Importer(815301076,1909f56bfc062723c751e8b465ee728b)  -> (artifact id: 'dbeda114c9a4777086adc15791c3e96d') in 0.020654 seconds
  Import took 0.023445 seconds .

========================================================================
Received Import Request.
  Time since last request: 0.000161 seconds.
  path: Assets/Prefabs/Environment/Bedroom/Wardrobe.prefab
  artifactKey: Guid(1f2baa001e967a24fa7e0722636120b0) Importer(815301076,1909f56bfc062723c751e8b465ee728b)
Start importing Assets/Prefabs/Environment/Bedroom/Wardrobe.prefab using Guid(1f2baa001e967a24fa7e0722636120b0) Importer(815301076,1909f56bfc062723c751e8b465ee728b)  -> (artifact id: '1c21a80df2e71bfe438b25c12d214aa9') in 0.011883 seconds
  Import took 0.014813 seconds .

========================================================================
Received Import Request.
  Time since last request: 0.000188 seconds.
  path: Assets/Prefabs/Environment/Bedroom/Bedside_Table.prefab
  artifactKey: Guid(c68b0496eaa4e75479451d4c408f629c) Importer(815301076,1909f56bfc062723c751e8b465ee728b)
Start importing Assets/Prefabs/Environment/Bedroom/Bedside_Table.prefab using Guid(c68b0496eaa4e75479451d4c408f629c) Importer(815301076,1909f56bfc062723c751e8b465ee728b)  -> (artifact id: 'dbeda114c9a4777086adc15791c3e96d') in 0.019314 seconds
  Import took 0.022246 seconds .

========================================================================
Received Import Request.
  Time since last request: 0.000237 seconds.
  path: Assets/Prefabs/Environment/Bedroom/Wardrobe.prefab
  artifactKey: Guid(1f2baa001e967a24fa7e0722636120b0) Importer(815301076,1909f56bfc062723c751e8b465ee728b)
Start importing Assets/Prefabs/Environment/Bedroom/Wardrobe.prefab using Guid(1f2baa001e967a24fa7e0722636120b0) Importer(815301076,1909f56bfc062723c751e8b465ee728b)  -> (artifact id: '1c21a80df2e71bfe438b25c12d214aa9') in 0.012044 seconds
  Import took 0.015151 seconds .

========================================================================
Received Import Request.
  Time since last request: 0.620635 seconds.
  path: Assets/Prefabs/Environment/Bathroom/Bathtub.prefab
  artifactKey: Guid(f26189160194a0d498daa22e9472b389) Importer(815301076,1909f56bfc062723c751e8b465ee728b)
Start importing Assets/Prefabs/Environment/Bathroom/Bathtub.prefab using Guid(f26189160194a0d498daa22e9472b389) Importer(815301076,1909f56bfc062723c751e8b465ee728b)  -> (artifact id: '40cb39be2298598bfa4d4c6c44710f00') in 0.015033 seconds
  Import took 0.018126 seconds .

========================================================================
Received Import Request.
  Time since last request: 0.000155 seconds.
  path: Assets/Prefabs/Environment/Bathroom/Pipe.prefab
  artifactKey: Guid(56702188126f5154ba3e75b53bf5acc1) Importer(815301076,1909f56bfc062723c751e8b465ee728b)
Start importing Assets/Prefabs/Environment/Bathroom/Pipe.prefab using Guid(56702188126f5154ba3e75b53bf5acc1) Importer(815301076,1909f56bfc062723c751e8b465ee728b)  -> (artifact id: '80803cf4cd29e8aacdc062d597390c07') in 0.012129 seconds
  Import took 0.014756 seconds .

========================================================================
Received Import Request.
  Time since last request: 0.000184 seconds.
  path: Assets/Prefabs/Environment/Bathroom/Radiator.prefab
  artifactKey: Guid(9ded59359705f924f827fd6059c964fe) Importer(815301076,1909f56bfc062723c751e8b465ee728b)
Start importing Assets/Prefabs/Environment/Bathroom/Radiator.prefab using Guid(9ded59359705f924f827fd6059c964fe) Importer(815301076,1909f56bfc062723c751e8b465ee728b)  -> (artifact id: '4a273c1756c80203e37e09a43691afd4') in 0.016068 seconds
  Import took 0.019171 seconds .

========================================================================
Received Import Request.
  Time since last request: 0.000221 seconds.
  path: Assets/Prefabs/Environment/Bathroom/Mirror.prefab
  artifactKey: Guid(d6031845cf3b4ec40bda7a32e18cf967) Importer(815301076,1909f56bfc062723c751e8b465ee728b)
Start importing Assets/Prefabs/Environment/Bathroom/Mirror.prefab using Guid(d6031845cf3b4ec40bda7a32e18cf967) Importer(815301076,1909f56bfc062723c751e8b465ee728b)  -> (artifact id: 'a61f85cb836e344886255a796f2d576d') in 0.011118 seconds
  Import took 0.013705 seconds .

========================================================================
Received Import Request.
  Time since last request: 0.000246 seconds.
  path: Assets/Prefabs/Environment/Bathroom/Sink.prefab
  artifactKey: Guid(b2cd9ca61be77744ea109931b362b28e) Importer(815301076,1909f56bfc062723c751e8b465ee728b)
Start importing Assets/Prefabs/Environment/Bathroom/Sink.prefab using Guid(b2cd9ca61be77744ea109931b362b28e) Importer(815301076,1909f56bfc062723c751e8b465ee728b)  -> (artifact id: '5c3722f8f4ae698894a115b869decf71') in 0.014432 seconds
  Import took 0.016938 seconds .

AssetImportWorkerClient::OnTransportError - code=2 error=End of file
